<?xml version="1.0" encoding="UTF-8"?>
<testng-results ignored="0" total="1" passed="1" failed="0" skipped="0">
  <reporter-output>
  </reporter-output>
  <suite started-at="2021-05-14T17:56:05 ICT" name="demo" finished-at="2021-05-14T17:56:11 ICT" duration-ms="5186">
    <groups>
    </groups>
    <test started-at="2021-05-14T17:56:05 ICT" name="testNG" finished-at="2021-05-14T17:56:11 ICT" duration-ms="5186">
      <class name="module.BMITest">
        <test-method is-config="true" signature="setup()[pri:0, instance:module.BMITest@12d3a4e9]" started-at="2021-05-14T17:56:05 ICT" name="setup" finished-at="2021-05-14T17:56:07 ICT" duration-ms="1342" status="PASS">
          <reporter-output>
          </reporter-output>
        </test-method> <!-- setup -->
        <test-method signature="tc01()[pri:0, instance:module.BMITest@12d3a4e9]" started-at="2021-05-14T17:56:07 ICT" name="tc01" finished-at="2021-05-14T17:56:10 ICT" duration-ms="3732" status="PASS">
          <reporter-output>
          </reporter-output>
        </test-method> <!-- tc01 -->
        <test-method is-config="true" signature="captureScreen(org.testng.ITestResult)[pri:0, instance:module.BMITest@12d3a4e9]" started-at="2021-05-14T17:56:10 ICT" name="captureScreen" finished-at="2021-05-14T17:56:10 ICT" duration-ms="2" status="PASS">
          <params>
            <param index="0">
              <value>
                <![CDATA[[TestResult name=tc01 status=SUCCESS method=BMITest.tc01()[pri:0, instance:module.BMITest@12d3a4e9] output={null}]]]>
              </value>
            </param>
          </params>
          <reporter-output>
          </reporter-output>
        </test-method> <!-- captureScreen -->
        <test-method is-config="true" signature="tearDown()[pri:0, instance:module.BMITest@12d3a4e9]" started-at="2021-05-14T17:56:10 ICT" name="tearDown" finished-at="2021-05-14T17:56:11 ICT" duration-ms="84" status="PASS">
          <reporter-output>
          </reporter-output>
        </test-method> <!-- tearDown -->
      </class> <!-- module.BMITest -->
    </test> <!-- testNG -->
  </suite> <!-- demo -->
</testng-results>
